<?xml version="1.0" encoding="UTF-8"?>
<!-- Generated by org.testng.reporters.JUnitReportReporter -->
<testsuite hostname="Vrushabh" failures="0" tests="1" name="TestCases.verifyLogin" time="5.125" errors="0" timestamp="2023-02-13T12:01:36 IST" skipped="0">
  <testcase classname="TestCases.verifyLogin" name="login" time="5.125"/>
  <system-out/>
</testsuite> <!-- TestCases.verifyLogin -->
